Limpando ....
gcc -Wall -O3    -c -o multi_partition.o multi_partition.c
gcc -Wall -O3  -c verifica_particoes.c
gcc -Wall -O3  -o multi_partition multi_partition.o verifica_particoes.o chrono.o -lm -lpthread
Running tests for parteA.txt with size 1000...
USAGE: ./rodaTodos.sh <nElements> <outputFile>
./roda-todos-slurmMOD.sh rodando no host  wz11
SLURM_JOB_NAME:  run.sh
SLURM_NODELIST:  wz11
SLURM_JOB_NODELIST:  wz11
SLURM_JOB_CPUS_PER_NODE:  8
nt  10
MAX_EXECS  5
Executando 10 vezes com 1000 elementos e 1 threads:
11.045816
11.160521
11.073433
11.135402
10.817325
nao executado
nao executado
nao executado
nao executado
nao executado
Executando 10 vezes com 1000 elementos e 2 threads:
5.695615
5.868987
6.042356
5.896567
5.999122
nao executado
nao executado
nao executado
nao executado
nao executado
Executando 10 vezes com 1000 elementos e 3 threads:
4.088834
4.073633
3.921947
3.937491
3.961953
nao executado
nao executado
nao executado
nao executado
nao executado
Executando 10 vezes com 1000 elementos e 4 threads:
2.944070
2.929103
2.919353
3.063711
2.998018
nao executado
nao executado
nao executado
nao executado
nao executado
Executando 10 vezes com 1000 elementos e 5 threads:
2.354242
2.434627
2.402031
2.448837
2.373591
nao executado
nao executado
nao executado
nao executado
nao executado
Executando 10 vezes com 1000 elementos e 6 threads:
2.010039
2.027282
2.034568
2.045133
2.073836
nao executado
nao executado
nao executado
nao executado
nao executado
Executando 10 vezes com 1000 elementos e 7 threads:
1.758747
1.728721
1.730873
1.816018
1.751963
nao executado
nao executado
nao executado
nao executado
nao executado
Executando 10 vezes com 1000 elementos e 8 threads:
1.614371
1.546112
1.545271
1.540730
1.554551
nao executado
nao executado
nao executado
nao executado
nao executado
O tempo total dessa shell foi de 174 segundos
SLURM_JOB_NAME:  run.sh
SLURM_NODELIST:  wz11
SLURM_JOB_NODELIST:  wz11
SLURM_JOB_CPUS_PER_NODE:  8
             JOBID PARTITION     NAME     USER ST       TIME  NODES NODELIST(REASON)
             13799     debug   run.sh   nobody  R       2:55      1 wz11
Completed tests for parteA.txt with size 1000.
Running tests for parteA.txt with size 100000...
USAGE: ./rodaTodos.sh <nElements> <outputFile>
./roda-todos-slurmMOD.sh rodando no host  wz11
SLURM_JOB_NAME:  run.sh
SLURM_NODELIST:  wz11
SLURM_JOB_NODELIST:  wz11
SLURM_JOB_CPUS_PER_NODE:  8
nt  10
MAX_EXECS  5
Executando 10 vezes com 100000 elementos e 1 threads:
slurmstepd-wz11: error: *** JOB 13799 ON wz11 CANCELLED AT 2024-12-03T01:52:48 DUE TO TIME LIMIT ***
